<?xml version="1.0" encoding="UTF-8"?>
<!-- Generated by org.testng.reporters.JUnitReportReporter -->
<testsuite skipped="0" hostname="IN2070121W2" name="com.qa.log4j.Log4JConcept" tests="1" failures="0" timestamp="26 Jun 2018 16:26:16 GMT" time="14.642" errors="0">
  <testcase name="log4jTest" time="14.642" classname="com.qa.log4j.Log4JConcept"/>
</testsuite> <!-- com.qa.log4j.Log4JConcept -->
