<?xml version="1.0" encoding="UTF-8"?>
<!-- Generated by org.testng.reporters.JUnitReportReporter -->
<testsuite skipped="0" hostname="BLRL79035" name="com.qa.log4j.concept.Log4JConcept" tests="1" failures="0" timestamp="09 Apr 2019 15:22:59 GMT" time="10.053" errors="0">
  <testcase name="log4jTest" time="10.053" classname="com.qa.log4j.concept.Log4JConcept"/>
</testsuite> <!-- com.qa.log4j.concept.Log4JConcept -->
