<?xml version="1.0" encoding="UTF-8"?>
<!-- Generated by org.testng.reporters.JUnitReportReporter -->
<testsuite skipped="0" hostname="IN2070121W2" name="com.qa.log4j.concept.LogTheTrace" tests="1" failures="0" timestamp="26 Jun 2018 16:35:47 GMT" time="15.651" errors="0">
  <testcase name="log4jTest" time="15.651" classname="com.qa.log4j.concept.LogTheTrace"/>
</testsuite> <!-- com.qa.log4j.concept.LogTheTrace -->
