<?xml version="1.0" encoding="UTF-8"?>
<!-- Generated by org.testng.reporters.JUnitReportReporter -->
<testsuite skipped="0" hostname="IN2070121W2" name="com.qa.log4j.concept.Log4JConcept" tests="1" failures="0" timestamp="26 Jun 2018 16:39:21 GMT" time="13.485" errors="0">
  <testcase name="log4jTest" time="13.485" classname="com.qa.log4j.concept.Log4JConcept"/>
</testsuite> <!-- com.qa.log4j.concept.Log4JConcept -->
